<?xml version="1.0" encoding="UTF-8"?>
<!-- Generated by org.testng.reporters.JUnitXMLReporter -->
<testsuite ignored="0" hostname="MANJU-SHRESTHA" failures="0" tests="3" name="Test" time="15.298" errors="0" timestamp="2024-11-10T15:42:41 CST">
  <testcase classname="Assignment4.Assignment4_scenario1" name="Login" time="2.092"/>
  <testcase classname="Assignment4.Assignment4_scenario2" name="Scenario2" time="6.541"/>
  <testcase classname="Assignment4.Assignment4_scenario3" name="Test3" time="6.642"/>
</testsuite> <!-- Test -->
