<?xml version="1.0" encoding="UTF-8"?>
<testng-results ignored="0" total="1" passed="1" failed="0" skipped="0">
  <reporter-output>
  </reporter-output>
  <suite started-at="2024-11-10T16:21:38 CST" name="Default suite" finished-at="2024-11-10T16:21:41 CST" duration-ms="2501">
    <groups>
      <group name="Smoke">
        <method signature="Assignment4_scenario1.Login()[pri:0, instance:Assignment4.Assignment4_scenario1@6c80d78a]" name="Login" class="Assignment4.Assignment4_scenario1"/>
      </group> <!-- Smoke -->
    </groups>
    <test started-at="2024-11-10T16:21:38 CST" name="Default test" finished-at="2024-11-10T16:21:41 CST" duration-ms="2501">
      <class name="Assignment4.Assignment4_scenario1">
        <test-method signature="Login()[pri:0, instance:Assignment4.Assignment4_scenario1@6c80d78a]" started-at="2024-11-10T16:21:38 CST" name="Login" finished-at="2024-11-10T16:21:41 CST" duration-ms="2480" status="PASS">
          <reporter-output>
          </reporter-output>
        </test-method> <!-- Login -->
      </class> <!-- Assignment4.Assignment4_scenario1 -->
    </test> <!-- Default test -->
  </suite> <!-- Default suite -->
</testng-results>
